p[01c81eb955a838a61ed4c59b654bd0c711b14d128ed840b6f1a06eeef18ff617] = 2.1186090382041556e-10
[!] File is not a valid PE...
[!] Removing : 01c81eb955a838a61ed4c59b654bd0c711b14d128ed840b6f1a06eeef18ff617
p[9ad6a810d9c95540d8b60b2a0478e2d677367819a68aab2cd35c67e0d213c591] = 0.9998769760131836
p[ba4dd8d581d3ae9872935b5d6c014d89e40c7987b65c0fcfe012b318fe8f563a] = 0.00022269411419983953
[!] File is not detected as malicious...
[!] Removing : ba4dd8d581d3ae9872935b5d6c014d89e40c7987b65c0fcfe012b318fe8f563a
p[2505cfb03a28f7248df3d089f20cd41d2d7167528f4f83656ffb8f1ab164405e] = 0.9231221675872803
p[950762b7ac86ce9c060e6bfa54fead53434b2a0f083a0355f2354201decd8c6a] = 0.9999997615814209
p[34f59108399594760925b65f77e9b9cc864317dbd94d95964489a0c9259094e2] = 0.9629830718040466
p[0a1bd66ec24f9b2f773199c827b4cd1de7aac8bc5dd38ca26a663806c781ddf0] = 0.8968368172645569
p[32c7e1b15329c9802aec16c7e43b6aefbad67f7ceae7f0ba5071d4ca20de6f03] = 0.9999996423721313
p[20fba25a82fd97f1cb5f4846b5788ce7324301b9713c2d45f96bcd3503dd2325] = 0.06570582836866379
[!] File is not detected as malicious...
[!] Removing : 20fba25a82fd97f1cb5f4846b5788ce7324301b9713c2d45f96bcd3503dd2325
p[b0682f26761abbe0c04d2194f04ba263535f4ce1f2127e809efd2519e529c6fe] = 0.8930776715278625
p[18eb20ffc064fadd77d8e38b0c7fedd9817f7d4daef976c2c829b309386e48f3] = 0.9999973773956299
p[041337bcedce8a3f52b558b1d279f43338a133430d58b7ce1a74137c1f3bec37] = 0.9996503591537476
p[46f26f88649609f48e5eefc6ca505b84d8976d9dbf3124cc0ce4d6a68e8edcf9] = 0.9978766441345215
p[7dd4a25805a921cd651bc21df1a526be9b4d7f23022e1793bbd7b3f4648ec5ef] = 0.9994813799858093
p[056999c4aaea9cc2196fa381f527704d6f0a0484468c56e2804134cf55d00e86] = 0.09714439511299133
[!] File is not detected as malicious...
[!] Removing : 056999c4aaea9cc2196fa381f527704d6f0a0484468c56e2804134cf55d00e86
p[6da36901b2ae0e86e2c24076ca954f280341a9afbecd33741a187ecfc33290d6] = 0.9974842071533203
p[6aedcb17f4620824894d4d5a8330d8f81ebf8c4f0d691da782d7bbe1578260c0] = 0.9944779872894287
p[6e64fe3c924dd5b36788fbcf69aa7ff9c5deb0db82baae3f73cfdaa0cdf71b3f] = 0.9937461614608765
p[4386442d686b75fc9e7fd6ee6d67a5bb0cc5f27b06cf501b5303dbe009567295] = 0.9997842907905579
p[0d7e7c6c1e02f7e5e5d0bf8f191e9d50636e71cabc2b4883d112b0f04da3d9f0] = 7.456872026523342e-06
[!] File is not detected as malicious...
[!] Removing : 0d7e7c6c1e02f7e5e5d0bf8f191e9d50636e71cabc2b4883d112b0f04da3d9f0
p[978a183a7570b7f0ff92d459590617c9baef0659b67258033605ba3e0500b855] = 0.0013756328262388706
[!] File is not detected as malicious...
[!] Removing : 978a183a7570b7f0ff92d459590617c9baef0659b67258033605ba3e0500b855
p[0f40eac2e7d3318d5d5afdc30101aa89b09da0c3f20097e8eda5d0d6452c956a] = 0.2801310122013092
[!] File is not detected as malicious...
[!] Removing : 0f40eac2e7d3318d5d5afdc30101aa89b09da0c3f20097e8eda5d0d6452c956a
p[3c3dcb5b5bf0ef29940deabe17ae037e492bd86abe75aef7f09c7dd50fb71dd7] = 2.7414293072069995e-05
[!] File is not detected as malicious...
[!] Removing : 3c3dcb5b5bf0ef29940deabe17ae037e492bd86abe75aef7f09c7dd50fb71dd7
p[ab2b1a840daeb5323e7e4ab215a179d15c749cfc3a0a0c3c7b2b8be5bd43c020] = 0.15974324941635132
[!] File is not detected as malicious...
[!] Removing : ab2b1a840daeb5323e7e4ab215a179d15c749cfc3a0a0c3c7b2b8be5bd43c020
p[b384ac0fa4ba17ae5c26eaa1cccd9bd9af488d98e4314767bb15c0bd96ecffbf] = 0.9999997615814209
p[d38c049da608d51073a09e8bacd7e55d7ede25b8160eef135219085796de04d3] = 0.990895688533783
p[3d80a29b457c750c18e6cb9fb7880163ec91fbac70dd5c0bab11af1206b599a7] = 0.21308410167694092
[!] File is not detected as malicious...
[!] Removing : 3d80a29b457c750c18e6cb9fb7880163ec91fbac70dd5c0bab11af1206b599a7
p[34a3623179ec3c2adac38e25fa5b585aea75b709d1cbbf776fe16b42008e1a76] = 1.0
p[4c72831cf082059fe1760d8ecf087d59b8a1cd83e778f3da15b5877c49fc0e1e] = 1.0
p[d9e22c4042f07a087d830e146ef703f3f0a87bf87ab17f9a71c01fe606f431b0] = 0.9986782670021057
p[d0b5263d6afd54edd1b1e805b74a7f67cd27eaed60e1631336617021408e0cb4] = 0.4456734359264374
[!] File is not detected as malicious...
[!] Removing : d0b5263d6afd54edd1b1e805b74a7f67cd27eaed60e1631336617021408e0cb4
p[200cc2838a4a0c6d6567183d53786625a66b449373e5100208356a8ca26e0dd7] = 0.00023614708334207535
[!] File is not detected as malicious...
[!] Removing : 200cc2838a4a0c6d6567183d53786625a66b449373e5100208356a8ca26e0dd7
p[6ef18f5cfc5bf2297dd74af06d958a30b1b57bbd3b1808b12eeb868af251bda6] = 0.9999997615814209
p[a10738917852033789173ce0de31c45f6d663e614208a636da516ac6e6e73e46] = 0.9999915361404419
p[a3e036bdfe78b229ddadd93ac126952548f2c901d520e1fd933205ab32d5e538] = 0.9999973773956299
p[98af9bbfe3308e4448c60f566b43c2da47fc96849e750ea36147cccd37fba6d7] = 0.9999984502792358
p[9d0655eb3ad9af77f9a9aea7b7c62dcb2553e5dffa14625743e332a401d6f25e] = 0.9999980926513672
p[1a94a39be307129134051f306110a752a74f19951ebe147f26517192b4271216] = 0.0028176805935800076
[!] File is not detected as malicious...
[!] Removing : 1a94a39be307129134051f306110a752a74f19951ebe147f26517192b4271216
p[0c3bf08ef2f054b5e01e1ae2e742c2fceaec87c4552be1c305bf995a0c71d11c] = 0.004151285160332918
[!] File is not detected as malicious...
[!] Removing : 0c3bf08ef2f054b5e01e1ae2e742c2fceaec87c4552be1c305bf995a0c71d11c
p[74b103ad97a348e5a1ea0c597404aae4ea2e7b80d3902e761c04efbc2450af9e] = 0.9999842643737793
p[7214b54ebee36f1a72e3b34c83d89417c8029d934c2a679f128764b174f80cdb] = 1.0
p[e9cae3204a9b2a261356455df5440adb5fd58f543775d9f1498427940e890344] = 0.16508625447750092
[!] File is not detected as malicious...
[!] Removing : e9cae3204a9b2a261356455df5440adb5fd58f543775d9f1498427940e890344
p[bb4b453a2e01119fd35b4885f6ce4483fa8fbd68b9afa90465b96adec5bcc5f0] = 0.9999996423721313
p[67de59da3ce58248b70d5d22e26bff97683df6f3b16459dd36fbd9982d2fbb56] = 0.9999996423721313
p[5baa6afcccd5a3c784fde25d353ff87ab62499f93b680dcb99d8f6ee99736f8f] = 0.3974795937538147
[!] File is not detected as malicious...
[!] Removing : 5baa6afcccd5a3c784fde25d353ff87ab62499f93b680dcb99d8f6ee99736f8f
p[3a7c64be2711b63ef43a106d0ac6222fdb94ff1332b82e1a21c64c391864ed83] = 0.99693763256073
p[a446da8df09823b9a4dddc05ee800faf3a2a43f4e065bc1d7c160194fee91f1a] = 0.00848537590354681
[!] File is not detected as malicious...
[!] Removing : a446da8df09823b9a4dddc05ee800faf3a2a43f4e065bc1d7c160194fee91f1a
p[b4f2b1ca4e336a8264924f42ac4b770fef9075aabc7c29b3108f3dd798cef7c9] = 1.8516369891585782e-05
[!] File is not detected as malicious...
[!] Removing : b4f2b1ca4e336a8264924f42ac4b770fef9075aabc7c29b3108f3dd798cef7c9
p[ed7906b009fdcd21389821bb4c6a88b77d2a349436266b8615a872bbe701724e] = 1.0
p[e525c3b56104249c652d5222980e4d1fd9fe4e01d0b05198ef49dab23ea53b55] = 0.013637426309287548
[!] File is not detected as malicious...
[!] Removing : e525c3b56104249c652d5222980e4d1fd9fe4e01d0b05198ef49dab23ea53b55
p[2d161d40a6875ed81a4da6801aec24699f6de2cd929912287e0000a364074069] = 0.9999865293502808
p[c3bcf4249db97971fdcf8afd0653e417977056f4885744a3f00abac1c35c2229] = 1.0
p[ec148c42179ca1d5b3040e23de165461aaf1542667c5b0e07a30e9f8df54d07d] = 0.9995039701461792
p[0ea8da9e3914ed8fdabc6513ad9fc7895fe7e74e0e59b9bce164863493ddaf83] = 0.007194510195404291
[!] File is not detected as malicious...
[!] Removing : 0ea8da9e3914ed8fdabc6513ad9fc7895fe7e74e0e59b9bce164863493ddaf83
p[da282d088cb57af8a0d1dce0d96d9fb0f88baf923d58e6bcf424ccfaa64bba35] = 2.6049066946143284e-05
[!] File is not detected as malicious...
[!] Removing : da282d088cb57af8a0d1dce0d96d9fb0f88baf923d58e6bcf424ccfaa64bba35
p[c8f53f0bb1953ccea40850357bf21e4a3ffef3f53476104b17e36a6260f5d350] = 0.9720180630683899
p[9deb7afc4a198eb612588e55c3744d25e9f904ca6ae8a159b14499a1882ed9b9] = 0.9999877214431763
p[8be7e514300c62facfc7b1220e14c79f840a288288db6ed69e5b86a8d9df0ee3] = 0.9987072944641113
p[729c923236830e91aa1db956aced7c903629e71407536bfdc35f9307da265542] = 0.8140895366668701
p[d6a17f65ce8a24820e2d382a4d24edcaedaa3bb66fc0ec69dd6808aa1f986e90] = 0.999991774559021
p[5cb03bcda108faab140cf30638d1954011ac490418e302fb82af6224ecc7343a] = 0.636026918888092
p[fa327d8d56b3b99aa2a031308cea0936182b6dab9f430adcbd9fb0ee7ace5eb2] = 0.7901886105537415
p[ce42c207a0bdee414b297c51cf8452a3be3dcaf36181d1dca0706e70076a5634] = 0.0008114169468171895
[!] File is not detected as malicious...
[!] Removing : ce42c207a0bdee414b297c51cf8452a3be3dcaf36181d1dca0706e70076a5634
p[c9042214498e84133417313d1da26585b252ab82b89ceaec85210109596c876b] = 1.0
[!] File is not a valid PE...
[!] Removing : c9042214498e84133417313d1da26585b252ab82b89ceaec85210109596c876b
p[b74198d955d81517a36648e5c2224ad77cbb74a714d44402f7798c141a51aa76] = 0.0248615350574255
[!] File is not detected as malicious...
[!] Removing : b74198d955d81517a36648e5c2224ad77cbb74a714d44402f7798c141a51aa76
p[580f3dfc7f613c4e25040f38bb1f1c9f128b3cd6c0e22d22846163d7cff3e0eb] = 0.9922648668289185
p[da3dd941255d1eb480aa5d6c9db11ecba5e7e89c551f5cd24fd2e65663c62ace] = 0.007933474145829678
[!] File is not detected as malicious...
[!] Removing : da3dd941255d1eb480aa5d6c9db11ecba5e7e89c551f5cd24fd2e65663c62ace
p[3b13284f2205b2b69392f749281162fc733d1560f46204d77c5677bb114e97ca] = 0.7729753255844116
p[464391a544b3efe9c87efb71a05dc0ff202401bc17a3690d7d972afdfd02ef13] = 0.7111811637878418
p[d20ae1f61039ea239170a570d8e0f06f71e0c37bfc7b7b972a8e1994a23ff01d] = 0.9999997615814209
p[0798c068bceb1281b6c3d49c0c90786e3af2ffc4d86f3ab8dd067e3710266bc3] = 0.9999197721481323
p[bdbf2eb7a834be18867c5711a2f0cdae1c53274fc3be32979392d3762a022f59] = 0.9999947547912598
p[a474ec0bb47a80541ef5e1f705b86a546e8890ee5da0d42230eeb5a5536e0fbe] = 0.9596858024597168
p[5208def9720deec62e732d7b6b6639abcc36e77509de58d6780fa3b51ef36f61] = 0.0029430699069052935
[!] File is not detected as malicious...
[!] Removing : 5208def9720deec62e732d7b6b6639abcc36e77509de58d6780fa3b51ef36f61
p[3f2dccfd98a2b347fd76a2752238008b802dcb22267e18d00a34cc5e44b8f14e] = 0.9987199306488037
p[c7d647467091e6fb0fdd76303d67c00fc23d4fea8040f8e9c39d848a87e5174b] = 0.999956488609314
p[eb4a4924cbea0863e716b1105c4b2bf779571557282f8cadcc02a4caa3ffc783] = 1.0
p[05453724b43d95f930b2f9b23f43a33007737f3838fa6072aca9a391fc2396b8] = 1.0
p[72be7276708af1d519a7a7a08f00a934aba25c7d6a4f3f6212fbeec290c1b42d] = 0.992186427116394
p[88409bb17405e45f70cf54b94916de7b6b7fa5995c084af6b5ddb3da9c328833] = 0.9999990463256836
p[3e0ea38953245fc56278837b9ed96a305ae4d48daf2127a595a6c1ad50898fe4] = 1.0
p[09bf89792a6ec62c627d60eefb59488f90b35188e29389b1419036a6c07a80e7] = 0.2571270167827606
[!] File is not detected as malicious...
[!] Removing : 09bf89792a6ec62c627d60eefb59488f90b35188e29389b1419036a6c07a80e7
p[74c2b3cdfe33b90e551f96f75e119d0c94ab0449b4c7135ced46b3fc2f259214] = 0.2757171094417572
[!] File is not detected as malicious...
[!] Removing : 74c2b3cdfe33b90e551f96f75e119d0c94ab0449b4c7135ced46b3fc2f259214
p[02237473279705b8bb57633fc2f35edded955b2dbba71f68efebaee8625208cd] = 0.9999998807907104
p[b70974350b910f21db8977a9ccf2edf9cc9ade11ebde086b6f727be399377db7] = 0.9999876022338867
p[e8ee152e9d03c4cdbcdd0a31e8f7a309d0780b543230c2f6fef0f3cbb58e2037] = 1.0
p[bcf96cc87eb49dc10479d59b94bff71025cb54b63aa622e4e1736a07bf121293] = 1.0
p[d78ff33ad4d6a491ec25301842a598d15666b425ad4bdc8e969f1dd081a8726a] = 0.9099819660186768
p[675ebd37b50d15f01b8cbf287e43fb6b8627cc65f2af20e86f495a78a843c0bc] = 0.9999997615814209
p[c01a7357276131c7c9387eea5a225bd51cccd527ff0329ceaff7e0c8fa2a638b] = 0.10909620672464371
[!] File is not detected as malicious...
[!] Removing : c01a7357276131c7c9387eea5a225bd51cccd527ff0329ceaff7e0c8fa2a638b
p[18edbc33c98f7e6fda55f2a92369ca4feb6d7266539d0c38e930ce63532514a9] = 0.7877920269966125
p[a6ff47e41f9342eab8e2b517a189bce9f2dc0e9d5eca2b35e0b7246c5a184f8a] = 0.031090104952454567
[!] File is not detected as malicious...
[!] Removing : a6ff47e41f9342eab8e2b517a189bce9f2dc0e9d5eca2b35e0b7246c5a184f8a
p[0a58c0fc52140fe8db183739b7d4c075285221b67e4c8199c054f1c74e82e291] = 9.570299152983353e-05
[!] File is not detected as malicious...
[!] Removing : 0a58c0fc52140fe8db183739b7d4c075285221b67e4c8199c054f1c74e82e291
p[ff1870b321f4154dd984b2f5301a27e611a58181a7d89a0b21cb73d2fe5645c8] = 0.9032732248306274
p[0183251667b413d156fd9862d0e00b8d16277c83effe098aace2e79236f47aff] = 1.0
p[b7cd4b28fef0d712a122075028c5b9353b5ac024888486ad345ef23ef482c27c] = 0.572604775428772
p[895486a4a92fa4efca96c38a1cb41a8d217915f95ef8eb1a54c62511bfe680ca] = 0.003835499519482255
[!] File is not detected as malicious...
[!] Removing : 895486a4a92fa4efca96c38a1cb41a8d217915f95ef8eb1a54c62511bfe680ca
p[f2ba26edf7ddbfbd0c887a2cf842200580970eaa32cf2295438528d7cd71ffe6] = 0.004583446308970451
[!] File is not detected as malicious...
[!] Removing : f2ba26edf7ddbfbd0c887a2cf842200580970eaa32cf2295438528d7cd71ffe6
p[c6c03ccf5d1b8031038d2ce315f52bc0a6f7ea1372a3d63082f4d5682aa4e059] = 1.1071164180975757e-06
[!] File is not detected as malicious...
[!] Removing : c6c03ccf5d1b8031038d2ce315f52bc0a6f7ea1372a3d63082f4d5682aa4e059
p[a2ebc66acc9d7867b6d1e226c6d7ad71370f7aec14dca9c23af5faa145c4cbf6] = 0.9999890327453613
p[95f7ab495eb8395c6df67a255c995b4d5df4918adce42462add0d95893fd72f6] = 1.0
p[6245c5272e7a3a2c3606a600bc285f3efaa8e468b18882899682f3434c2deb82] = 2.9201530651334906e-06
[!] File is not detected as malicious...
[!] Removing : 6245c5272e7a3a2c3606a600bc285f3efaa8e468b18882899682f3434c2deb82
p[9c5cdcdc73907fc151ad9a7a3d341d2861ec03bec11615c38c16f1875ae30284] = 0.9999995231628418
p[5f89a17182492e377fcfd917c73f19ec726e7a06d8594772f009de4a352d3962] = 1.0
p[adcc682f3bc75bb6bcf8b3c3ad530a04e13029a75547dd38b2b77db5ce1be8cb] = 1.0
p[4adfc9f6b4afdeb6a7135e594f2f0d625b338c963a70973e2475e6f94fb0c67d] = 0.9999808073043823
p[5ce48c7f58ce4f1c86fd5cdad902792e12a6e6e01bfe02e1e04d1f06b99f5b5d] = 0.9990757703781128
p[81b4c6509fe3349786468dbef2e62f635eb130fe0b8454e1a147760e4d701dd8] = 0.999774158000946
p[03bc679495cc733af3f29ef4feed5f3db6b6f4033b8276dcd60183a27939ef90] = 0.7765783071517944
p[0a4ceac8f9f9f83021727a85dfdae5e89774e7711c7091bdc9d5e1e9b88d52f0] = 0.025494268164038658
[!] File is not detected as malicious...
[!] Removing : 0a4ceac8f9f9f83021727a85dfdae5e89774e7711c7091bdc9d5e1e9b88d52f0
p[19734d108505123afd2a4c6bb61bebf19c145c5a78044a3174931bef5e8b7e94] = 0.06544139981269836
[!] File is not detected as malicious...
[!] Removing : 19734d108505123afd2a4c6bb61bebf19c145c5a78044a3174931bef5e8b7e94
p[c1ce3401954106501e3e950a6f9a09aa573994b2a229eb6cc50e28459fdfd7d0] = 0.7897238731384277
p[b85b93839f2fbff7a996933f642888d009f3f3e9c9bebff9c7ad93bdf1d1016e] = 1.0
p[191ccd68053557f55f7abde5273fbe3bd53d63487baa25401099dc7d83966bec] = 0.0004199806717224419
[!] File is not detected as malicious...
[!] Removing : 191ccd68053557f55f7abde5273fbe3bd53d63487baa25401099dc7d83966bec
p[0e9fdfde2764bbb76e8e5ae7875891aa815a2c3dcc7061a660436c46ad6b3f8b] = 1.0
p[71d86a28d0796a8006eb0c6e20c2dcdfcedeabcc6c35c2b4723d5b2853db760e] = 0.9017434120178223
p[81c36373ba7dacd34365ac8a462235fcde8d805cef1eec48a6d8f5948198658d] = 0.9999880790710449
p[78fda5f73d78fd35f2017a7836024be47b807c7a7a8aac12a87fd087e1bf0c5f] = 0.9910582304000854
p[f21aa351fc0aa403732193f2e9f63610f592b8aac18c32f5a8978e62ca7f9e8b] = 0.049207065254449844
[!] File is not detected as malicious...
[!] Removing : f21aa351fc0aa403732193f2e9f63610f592b8aac18c32f5a8978e62ca7f9e8b
p[2a3563e810af53def1009a131b481c43816cef50aa525fbdcdfcd874137880e8] = 0.9997382760047913
p[5a21cdfce784c369d62bf9f82714d44174a4c8f980debe6ed650c4697f9e4f7b] = 0.10717439651489258
[!] File is not detected as malicious...
[!] Removing : 5a21cdfce784c369d62bf9f82714d44174a4c8f980debe6ed650c4697f9e4f7b
p[9491f92af3765f449edee5a1debc78fcd1a44518648a1175de96fa72ca669593] = 1.7082978729376919e-06
[!] File is not detected as malicious...
[!] Removing : 9491f92af3765f449edee5a1debc78fcd1a44518648a1175de96fa72ca669593
p[a25873dc4fc1a3225bf6fd3bc786dbd1957138d3084f3d1539d2ef7e68f55e10] = 1.0
p[fe7a77df6dade7037bc7b51e3065a0e7de4b82394baab839bf006cb3b87c7f2a] = 0.9999992847442627
p[74a5e35d5c6838004e806fa80cf025798284f4371c49868ff7caedb8b0b8628e] = 0.9999940395355225
p[35fc1ffd4d4b80a937bb2943ae3b40887bf2b609acd71fc8cc195c7b87ee5569] = 1.0
p[d7ca19661ec2f4c78fb9942b4b87f9870ad2ce7047f62accb48217d84113d8d9] = 0.9999985694885254
p[a8c8b87aa6fd25f57627bf640bcf9660f731a0be164628623935b70bca39dfb6] = 0.004484221339225769
[!] File is not detected as malicious...
[!] Removing : a8c8b87aa6fd25f57627bf640bcf9660f731a0be164628623935b70bca39dfb6
p[ae9b3ba7b143e9d5f2fcda41775e33ef45bd37c58bdf04d3616df90d97904d78] = 0.8804844617843628
p[5db8c018478b6a4123805c342e3e1b52844299cbed37d64e241d6e43858179d3] = 0.9992085099220276
p[c9054ab0a27269f6cc2909cbdd2d887ba1df29480fddddf1efbbd52589326019] = 1.337897437281299e-08
[!] File is not detected as malicious...
[!] Removing : c9054ab0a27269f6cc2909cbdd2d887ba1df29480fddddf1efbbd52589326019
p[ec00ede29f566ca06f78c19eeeadbe94e857924f74a229b98d8b16251b6cbbfe] = 0.9999997615814209
p[844a349d6fae3153b037fdcd9ed33c788bc9d5258b0eec50318b44b1b397ef8d] = 0.00034665537532418966
[!] File is not detected as malicious...
[!] Removing : 844a349d6fae3153b037fdcd9ed33c788bc9d5258b0eec50318b44b1b397ef8d
p[471f377b93645816a65296a954c821fc211eefb6bc8993f447985e39efe4cbf4] = 1.0
p[78f13b906a50d4e36cdaa98c87263041c8b4ce00595111bb21a8cdf87ad9cc41] = 1.0
p[cb70304619477863edb911957cb77b9cc1ae321e149895d0a7b997f44024935c] = 1.0
p[5e81a23ffd7e4ab5908bf1ffa10b739872379d5b55138b53c6644f1027816d50] = 1.0
p[10948a88566dd3dde8f62694dfe6505bb13dae4d8b5c515f8e2c88b3b43f6b14] = 0.007446166127920151
[!] File is not detected as malicious...
[!] Removing : 10948a88566dd3dde8f62694dfe6505bb13dae4d8b5c515f8e2c88b3b43f6b14
p[58bb1872e233d152682317393d68533c6b3996c9efc0e2d73b0427c1c5ba2190] = 0.9516251683235168
p[9f8f43a521272a7ca91edd4fc676bdf31c6eba0e252fb3d20e4846acfce1f730] = 0.8867838382720947
p[ad63a4b4fe858cba072ae78c69a1caa40c3b7b57850df609e7d5624da1a8f694] = 2.1000141714466736e-06
[!] File is not detected as malicious...
[!] Removing : ad63a4b4fe858cba072ae78c69a1caa40c3b7b57850df609e7d5624da1a8f694
p[196758e83141cf5cc780d700342580ff82c36e5ae427b77165b0f0a3e1cd827b] = 0.9998996257781982
p[84e8b47025d4cb7b4038e08a66de53c4a48aac589b90d9953483c54180b9ea9f] = 0.9975554347038269
p[00f5e987fb1edf6fb03010a5b0a14f9496628333468c8f0456df5d660f032898] = 0.33300963044166565
[!] File is not detected as malicious...
[!] Removing : 00f5e987fb1edf6fb03010a5b0a14f9496628333468c8f0456df5d660f032898
p[3a0ce3bc265efb1d9d6d46128b468444c4630c3d0650efdf8c2c473346d9b269] = 1.0
p[adb00c0a9928e1f2779fa03bd9af38ffb73e25e90a09987b5112bb82c6f4e7ee] = 0.0006158964242786169
[!] File is not detected as malicious...
[!] Removing : adb00c0a9928e1f2779fa03bd9af38ffb73e25e90a09987b5112bb82c6f4e7ee
p[962bd6e54343e66b8213330c601d0ad94f49c21c3951d2b71d4bf45c1eeae97f] = 0.9662129878997803
p[00e8f740350b614ec86351eb408cbe55785e04319f85cf042b3117f25dd3e313] = 0.0339488685131073
[!] File is not detected as malicious...
[!] Removing : 00e8f740350b614ec86351eb408cbe55785e04319f85cf042b3117f25dd3e313
p[31e5483b1f4588a9bbf187448a351c057f896856d0b0569add6815be82c3b2b1] = 0.9993553757667542
p[9f2ecb0e068e45d7d88501799d728717b6a80e534039759d23a9fe228d6fc71b] = 0.9526431560516357
p[83c5dc34fd11b1f86d93730ea9955b0758c9030e5112ec13066f281a6c2a125c] = 0.001994622405618429
[!] File is not detected as malicious...
[!] Removing : 83c5dc34fd11b1f86d93730ea9955b0758c9030e5112ec13066f281a6c2a125c
p[4c973b245c8cf004aa0181f6fc22f14add805a00cfd1e1bddd2a783f6f904fd5] = 0.0017004658002406359
[!] File is not detected as malicious...
[!] Removing : 4c973b245c8cf004aa0181f6fc22f14add805a00cfd1e1bddd2a783f6f904fd5
p[f49ae0aac17cc7b3e9758632e912968c70129446f06c6758e3434bcb54ee2069] = 0.0036892022471874952
[!] File is not detected as malicious...
[!] Removing : f49ae0aac17cc7b3e9758632e912968c70129446f06c6758e3434bcb54ee2069
p[94134b2d56da094b2bf5f6d268c682e182c7d5efba868542e4674bf5a1762186] = 0.2697446048259735
[!] File is not detected as malicious...
[!] Removing : 94134b2d56da094b2bf5f6d268c682e182c7d5efba868542e4674bf5a1762186
p[060130661d20464b944da02f6a588c1479768cd66f47dd71933750ee7db73bdb] = 0.09446778893470764
[!] File is not detected as malicious...
[!] Removing : 060130661d20464b944da02f6a588c1479768cd66f47dd71933750ee7db73bdb
p[cbfb0045b05dde765923a4293a0922d6f7cdd5a34357f70040e26b7a1bd8fdcb] = 8.503237154400267e-07
[!] File is not detected as malicious...
[!] Removing : cbfb0045b05dde765923a4293a0922d6f7cdd5a34357f70040e26b7a1bd8fdcb
p[9370a99887c072d3d13741cb572a4807ec2ff1d2c520fc934e82e241aacf0602] = 0.005253149662166834
[!] File is not detected as malicious...
[!] Removing : 9370a99887c072d3d13741cb572a4807ec2ff1d2c520fc934e82e241aacf0602
p[12bd17a4b41e29fd1f644a30e64c78aa0c1853a80054efd68e8000d9553760ff] = 0.9938693046569824
p[800aa89b2a2f5e32924ae6b00d0d763f2184f0e1bcb55c0822e6306a26f9af7c] = 0.999382734298706
p[420290c2399d37a55d0c45602f2a4992dd95a4d299a57353b83f7b54a40d54ec] = 0.000252943835221231
[!] File is not detected as malicious...
[!] Removing : 420290c2399d37a55d0c45602f2a4992dd95a4d299a57353b83f7b54a40d54ec
p[495092190c46ad01552b12958954db8fa2278d6868cf2fb06022ba9cc26a6265] = 1.0
p[bd961404918a453958e65f58d5c436be52a2881b75d5c2992095fa1a14f437e9] = 0.9613310098648071
p[48d0373e68828349fbe601cef25fc8458280db849641a1674373025d0b094c34] = 0.9999891519546509
p[065cfda9c9484c11d7414fa9ce11e224a98d61f21e090b0d09e0f43cf35b16f8] = 1.0
p[864658bfe32e64348f760940f6c2df610d46a776392f05e8e031ba362372395d] = 0.9995989203453064
p[f90aa416269c65af6e128fa99b4122bf5f964ac70b196168931037783b31871a] = 0.06242876499891281
[!] File is not detected as malicious...
[!] Removing : f90aa416269c65af6e128fa99b4122bf5f964ac70b196168931037783b31871a
p[fe36e233af99e00de92bd1a2e0a7d21c651de65c2c6570911d16d13ba74aacbd] = 0.9999982118606567
p[ebc239f90a5be55d53b343e225828b5986b696a5928ce976c2b03081c6298054] = 1.0
p[82725f3da1557b5114ec58e4a93cefef5e3f9bd63cbdd46973e1775e851a38ae] = 3.6892915389330483e-09
[!] File is not detected as malicious...
[!] Removing : 82725f3da1557b5114ec58e4a93cefef5e3f9bd63cbdd46973e1775e851a38ae
p[84a980449e274b6f424c761a90cdb36744745437349b3d4cd9b1e3fb12abd8a0] = 1.0
p[b60c95dd9e47a626cb645100b0aae9ac10fdec04846a2d8d388a42a7ffc25f2e] = 0.8674006462097168
p[350f824fd4d10c95672bb567673f4085c13e80e6dc41fce7aa441ec14d716bca] = 0.9799895882606506
p[7d0d753c4a6cebc2a5c593a051dd07586f014ddf49a863f8a805619f9d5f0201] = 0.9973817467689514
p[5cc263486f1db1d1c144d14239392d1965c8d63f16a870106f4bbd8c21add0ba] = 1.0
p[c8eb6fee46ed0bc99866a8edbf40cdc4aa22709becc247a051241ee03c9ee90a] = 0.05892077833414078
[!] File is not detected as malicious...
[!] Removing : c8eb6fee46ed0bc99866a8edbf40cdc4aa22709becc247a051241ee03c9ee90a
p[cd692548fdaa377a5ebb525044919b53e5ffc7c66d3cb5466d02c204179cafe8] = 0.9999977350234985
p[b9043f82caf6d3b095f33ebc735ac8508bb0f92574c12c6d4367edf98d5c0483] = 0.32599735260009766
[!] File is not detected as malicious...
[!] Removing : b9043f82caf6d3b095f33ebc735ac8508bb0f92574c12c6d4367edf98d5c0483
p[a26eb2469d7ca3d6710f10fe8132d483c8026fb6795045226f6941452ee49cff] = 1.0
[!] File is not a valid PE...
[!] Removing : a26eb2469d7ca3d6710f10fe8132d483c8026fb6795045226f6941452ee49cff
p[b803b069cd8dc755b3ae2776581618ed4eddc245322e99c5d443bae65ae10325] = 1.0
p[2d8ffe731dc6a78594aaf1bf1e0c61c32b088ba6851619f81125317fcd6aff03] = 1.0
[!] File is not a valid PE...
[!] Removing : 2d8ffe731dc6a78594aaf1bf1e0c61c32b088ba6851619f81125317fcd6aff03
p[fa8ba1154dcc2f2db2beac9ed41ecc17ae5578a1d50f412d1f4d0f823929ea48] = 0.9989516735076904
p[b894cb1c5e2f6f806b910672625241d9be6f6626618a9c3f78ec1e7486945b02] = 0.0002535336825530976
[!] File is not detected as malicious...
[!] Removing : b894cb1c5e2f6f806b910672625241d9be6f6626618a9c3f78ec1e7486945b02
p[583d7a9ecab0f6fdc119f7c0a959c9291eb83bf7768ed547922d2e75f6ce308b] = 0.0033158010337501764
[!] File is not detected as malicious...
[!] Removing : 583d7a9ecab0f6fdc119f7c0a959c9291eb83bf7768ed547922d2e75f6ce308b
p[067b492391663ef1e8d313debb4ce6d2ba1c0ac06130227ef8740765e6ab3687] = 5.837777621309215e-07
[!] File is not detected as malicious...
[!] Removing : 067b492391663ef1e8d313debb4ce6d2ba1c0ac06130227ef8740765e6ab3687
p[08cf6b3d2ce01299b43d76dee21ffde4ad8dc1a290351b8bec59c1918dff58f5] = 0.058900728821754456
[!] File is not detected as malicious...
[!] Removing : 08cf6b3d2ce01299b43d76dee21ffde4ad8dc1a290351b8bec59c1918dff58f5
p[ce057d18efa01f96096cc02881bd4ffab157bcf2799f93c6f827858eb41794cd] = 0.9976024031639099
p[03f3591a46bf8e3da4d33f7d8da14b2ffc2735052535ce1132805876e4ac53be] = 0.9999566078186035
p[4b8b34ad49361629a7f179dc536a6a2903d0dd5b2a80f1985338b5c72f2bf5d6] = 0.4382447600364685
[!] File is not detected as malicious...
[!] Removing : 4b8b34ad49361629a7f179dc536a6a2903d0dd5b2a80f1985338b5c72f2bf5d6
p[3c2f8f8dbe2a3dfae6ef62f8f3ecd38c08dc450bbe7f661d31a0607dca4a5f60] = 0.9998667240142822
p[2b4e5de3ebe2fe1cffcab17a1fc9fe0c1d706feba282a3ae650347e64fa0f9fd] = 0.9977332353591919
p[9a0b69e403d9cf7a447d2190fa180058cd6f211d1a27554bb366e8565645f990] = 0.9999995231628418
p[903b338c67fe4ce41ec1e94e9a08be61a1a55f81ecd1115f996b9a395976bb28] = 0.9998693466186523
p[cdd8f3d378c5b00cd03b01ee60a8abdac18a7b39c950e4ceb5cc3a662ed9c819] = 0.9995599389076233
p[ff231dad060e2fe89ee35e9ff467b637a492b373aaa0fe9f109c920c6c11c90f] = 0.9988303780555725
p[a8aa47a5ef2d3a4fee9b2f52b617f1d0d88b1c302c66e1185a177da9b7728c6f] = 0.00016568973660469055
[!] File is not detected as malicious...
[!] Removing : a8aa47a5ef2d3a4fee9b2f52b617f1d0d88b1c302c66e1185a177da9b7728c6f
p[746f2f3462e884362bd173130aaf285e47844b59590641f548dd1ccc026ed627] = 0.9997914433479309
p[a3d06e9ce4e1601355a8130ff1bee90f4642a02f2043ee621e9afa2ad4323e91] = 0.004010889213532209
[!] File is not detected as malicious...
[!] Removing : a3d06e9ce4e1601355a8130ff1bee90f4642a02f2043ee621e9afa2ad4323e91
p[48c5baf0de9d27ba49f5c834e1543545955f6490c44f4c8f9794aa7a3ca16594] = 0.9840614199638367
p[9c949c7810c74f6aea3e8041db24c43115bb36df7ec8bf35d3daaec385297e4f] = 3.5223768009018386e-06
[!] File is not detected as malicious...
[!] Removing : 9c949c7810c74f6aea3e8041db24c43115bb36df7ec8bf35d3daaec385297e4f
p[fa5487dace576bac368dca8587977fe72936bf2dd0ad74b9508c0c010cfe89ff] = 0.19375573098659515
[!] File is not detected as malicious...
[!] Removing : fa5487dace576bac368dca8587977fe72936bf2dd0ad74b9508c0c010cfe89ff
p[ac607cd013ee88eec619c4ab29cb00f013bb4123d1ee563914ba214be27bf5bd] = 3.001587742801348e-07
[!] File is not detected as malicious...
[!] Removing : ac607cd013ee88eec619c4ab29cb00f013bb4123d1ee563914ba214be27bf5bd
p[b2e7f1f8a01a6e70935b8578646fdd37f7caed7f219db4dc5198499cefb297e5] = 0.9999996423721313
p[b86426e6b11882e09f29343cd7f31b8af0e0ccb734f0f7cb8a224501fc3800ec] = 1.0
p[4030f115faa2b5cf50a728d9f27eb84d2fa458e6b1c864acd57f211b27c2e473] = 0.9999991655349731
p[4e2bfa494d4f966f65b8fcda6dcfeceea126a8e94127235ec03bd7cb9b010671] = 0.9999991655349731
p[edd9d0e77cbd5f12df88fc8a96deee9185fc761f2a4703a5becd8216875c3442] = 0.9999997615814209
p[1a03d1270d83e2dc9bfd8883d62079bf4e027518c1d22f1d7f433424c1f68d21] = 0.9998716115951538
p[aad1313c0fd73c6d41162346d9f66b7fe7e0ff3f55900acfd710324b4fd114bd] = 0.9999946355819702
p[7297d9a2acfd8d05bc802c3d9e8ebe79327367e0a5d2938b9e49675be7b94cca] = 0.421376496553421
[!] File is not detected as malicious...
[!] Removing : 7297d9a2acfd8d05bc802c3d9e8ebe79327367e0a5d2938b9e49675be7b94cca
p[e7d363da7da185bbaecf3537e27340c494067f8a5b373a93309a7f9ec73d00bd] = 0.00030275050085037947
[!] File is not detected as malicious...
[!] Removing : e7d363da7da185bbaecf3537e27340c494067f8a5b373a93309a7f9ec73d00bd
p[1218045a3275e0bebc5b698e5c2be117437d5959bd846031707a381e4eb50669] = 0.9999829530715942
p[4bd769c0a1fde48319af966ccc5560c95f0b52c3a6f5b6358838196e4c357eae] = 0.9999905824661255
p[2d5e396707d4fd4756177484083e44be13fbbcf48e8b4b3d075a2a2ac8ec59f1] = 0.9996063113212585
p[2f0a17676da12f900241f52e1208af23c6e414a259679ba1c3df7c988014de7a] = 0.7193114161491394
p[bae2c06010b2a4417cb677c20803ad0ec0da160c765bcb0f830700d00c0eb967] = 0.011348096653819084
[!] File is not detected as malicious...
[!] Removing : bae2c06010b2a4417cb677c20803ad0ec0da160c765bcb0f830700d00c0eb967
p[f8f89d35e1ca280f3c56254fa4e22dd21d44a017c2b84b18e5ff50b95c36d260] = 0.6306578516960144
p[3cea95fbf4a1944d0fc447d236938362f43a7bb33dcd578f12fd688267625ff1] = 0.9986149072647095
p[7943a2ba4013bce5e58021d9a470797168e47b0b45637d450e35522835952f17] = 0.9984676241874695
p[13f1158b7e1994acd5c8e95ec9fb71dfb520c1fb688f5887bc2fcd314315e505] = 0.9998472929000854
p[dbb999882558577108c85194c276e0dff2260c3b19f2152389be7345dafaf05c] = 0.9938868880271912
p[ebbdcc6212c86d0fa0f43431ada6471d2747f28ac9ec1b08f3f8b606f63d6f8a] = 0.8088342547416687
p[5a4e3d703618f070cbfa48b87c2c1575383b37cd0117f6db55eebb0df50ce980] = 0.0032917556818574667
[!] File is not detected as malicious...
[!] Removing : 5a4e3d703618f070cbfa48b87c2c1575383b37cd0117f6db55eebb0df50ce980
p[d7dd3dbfb0ea2f7f636ef582fc2f8c3d9949c3255251f775ca3ed081c96495fa] = 0.9999985694885254
p[d4f5ac259fb8752ccfb36d74bfc20329f646781071adf44327703b8bde7e6c94] = 0.9999997615814209
p[a973bda52ef5048004864cc8b1730269da9e3fd16257a47cfa412b09b1b87c02] = 1.0
p[679b41438843e04c9377ec522e1fa1ab266a80d9f1eb6d172d3ebe999c211169] = 0.8757085204124451
p[429939afc1b53bd7448df3ebca6e8ac3f820855e3969fd741011dd6b81c4d88f] = 0.9341489672660828
p[1ca5239a33d9fe778968f8547ccd305726bfa99aa8e4cde2903099639ad6de43] = 6.107923127274262e-07
[!] File is not detected as malicious...
[!] Removing : 1ca5239a33d9fe778968f8547ccd305726bfa99aa8e4cde2903099639ad6de43
p[cccc96c88420cac185d2a872bba15d0be9d114ccbac655318e33e416c1a649cb] = 0.0024252822622656822
[!] File is not detected as malicious...
[!] Removing : cccc96c88420cac185d2a872bba15d0be9d114ccbac655318e33e416c1a649cb
p[d75da200588fef4bdbcda7ed57845f76118f2a03c46a7711834934526bce11d7] = 0.9998654127120972
p[6ba0ac0c5021587202ce4b5caead7a616008e831cb0c1cc8b0c6725b2c4c751d] = 0.823397696018219
p[1f0d96dfd7528aca3fa874a699816ea63ca4f4c9e4aaa444371e040af54791a6] = 0.09292520582675934
[!] File is not detected as malicious...
[!] Removing : 1f0d96dfd7528aca3fa874a699816ea63ca4f4c9e4aaa444371e040af54791a6
p[68a3c33bdff3f6f228874dac50aaf39d5d059b7a9e6ce21ff23a03b7892884f8] = 1.0
p[1b3d047ef0b10aec9a6fd7121fb90d782d18fc1447314326eb53a155752d35d4] = 0.9984958171844482
p[ae1eb51efe38c2336888e5dfb46cf2a4276d776f68f2acf74ae1f75412005cba] = 0.9999997615814209
p[71fb891dd79c247092393f848812409921ae51c96e22f625553df82e00982642] = 0.9999992847442627
p[212abf3bec38faa7bd50bab7bc986603fa9f28522a8a43d960cc6bf0ec733b3a] = 0.989621639251709
p[878ce7b33a9e8fe26b7ed5dec6789f749011804d5231890d1c5ac0bdb4f1acc2] = 1.0
p[482a8b7ead1e07ac728e1e2b9bcf90a26af9b98b15969a3786834d6e81d393cd] = 1.0
p[555bdfb1efcf0dc34a68f5ab5f1b87846e47e053c328a41c21e23cef0ba43a72] = 0.0007923058001324534
[!] File is not detected as malicious...
[!] Removing : 555bdfb1efcf0dc34a68f5ab5f1b87846e47e053c328a41c21e23cef0ba43a72
p[4345f3da95640d2399b79455b822525dba0714eb8607a44a109381ba40465772] = 0.9999463558197021
p[96580d30d179c984e31ab148f451f1d9ed0d43b972959e4ca4661edeadf888d8] = 1.0
p[f163997b559318684508e0deb804d6a9ab60e8b83a3e6a4c52b578f4982fe964] = 0.23811349272727966
[!] File is not detected as malicious...
[!] Removing : f163997b559318684508e0deb804d6a9ab60e8b83a3e6a4c52b578f4982fe964
p[620ffe1b2c1ebe36d71f9d7a211e16d8130a34dd7d7cd645536850b39e7d9f35] = 0.9998990297317505
p[2bf0e1e5bd964338f1313080c2b66dc96146906b49faa65fc449fae45a6ebde7] = 0.15978629887104034
[!] File is not detected as malicious...
[!] Removing : 2bf0e1e5bd964338f1313080c2b66dc96146906b49faa65fc449fae45a6ebde7
p[20c2e0f2bb2e8f856c8043f4efb608523ba07e903536ce4cde9b08029d5fbb06] = 1.0
p[acd00a2d3c874bd7cb38e0d329c6c42720774941215236b6d4e3d018607889ef] = 1.0
p[0d4ce490bd7b70585f98116aa29f739c9c23b94b7238dcc9ee7562a2c4d0f5eb] = 0.968197762966156
p[f780951f8ff3187ba3f3a6eaed1c182ab2a633ab2eb91aa1111acd3d21994a1b] = 1.0
p[ede5e2c2f1d7f65e5338d8c7f2bf266881a6140bf8fbc3a82b64c6a108559c00] = 0.9999936819076538
p[991a5274b729cba620931d3b97141a230b0d00449d10a854b023a1fd5c964ce5] = 0.8820275068283081
p[348a90ea2a0f408376449f825d0e2df902624723c61fe83a4e1eb32b7b5f4d8e] = 0.22421593964099884
[!] File is not detected as malicious...
[!] Removing : 348a90ea2a0f408376449f825d0e2df902624723c61fe83a4e1eb32b7b5f4d8e
p[792e24c997a853078143d22e4448c002712af9b7005276cbd6bf8eeab624870f] = 2.011607769247803e-08
[!] File is not detected as malicious...
[!] Removing : 792e24c997a853078143d22e4448c002712af9b7005276cbd6bf8eeab624870f
p[da5967f3784cce571d4c4d393c2b586c515b228d2bec9fd8ad89e08dbc0eb032] = 1.0
p[1fb1c61878bfa9dd9d686419a1f73c93347177beab0e88754e6faf31d30e8ef8] = 0.4382447600364685
[!] File is not detected as malicious...
[!] Removing : 1fb1c61878bfa9dd9d686419a1f73c93347177beab0e88754e6faf31d30e8ef8
p[169900d60c47acc4f6f4aac616564968c678de207643bd855bea4ab6c4ac27b7] = 1.0
p[c7fa064f79849f46f62d48ef0820d7c4a50702f373d67d7c72967358887a358d] = 0.9955126643180847
p[b042b5f8b3a45fba7be2d61f6c8bcbb1d2c9f01addd1098fb53bf3c787a02b07] = 0.012837446294724941
[!] File is not detected as malicious...
[!] Removing : b042b5f8b3a45fba7be2d61f6c8bcbb1d2c9f01addd1098fb53bf3c787a02b07
